{INFO}10/20 23:35:14 - 输入字符串的格式不正确。
System.FormatException: 输入字符串的格式不正确。
   在 System.Number.StringToNumber(String str, NumberStyles options, NumberBuffer& number, NumberFormatInfo info, Boolean parseDecimal)
   在 System.Number.ParseDecimal(String value, NumberStyles options, NumberFormatInfo numfmt)
   在 System.Decimal.Parse(String s)
   在 Business.ImportBusiness.ImportCatalogueFromExcel(String filePath) 位置 E:\outsource\TmalLBF\Business\ImportBusiness.cs:行号 151
{INFO}10/20 23:35:24 - 输入字符串的格式不正确。
System.FormatException: 输入字符串的格式不正确。
   在 System.Number.StringToNumber(String str, NumberStyles options, NumberBuffer& number, NumberFormatInfo info, Boolean parseDecimal)
   在 System.Number.ParseDecimal(String value, NumberStyles options, NumberFormatInfo numfmt)
   在 System.Decimal.Parse(String s)
   在 Business.ImportBusiness.ImportCatalogueFromExcel(String filePath) 位置 E:\outsource\TmalLBF\Business\ImportBusiness.cs:行号 133
{INFO}10/20 23:35:24 - 输入字符串的格式不正确。
System.FormatException: 输入字符串的格式不正确。
   在 System.Number.StringToNumber(String str, NumberStyles options, NumberBuffer& number, NumberFormatInfo info, Boolean parseDecimal)
   在 System.Number.ParseDecimal(String value, NumberStyles options, NumberFormatInfo numfmt)
   在 System.Decimal.Parse(String s)
   在 Business.ImportBusiness.ImportCatalogueFromExcel(String filePath) 位置 E:\outsource\TmalLBF\Business\ImportBusiness.cs:行号 150
{INFO}10/20 23:35:24 - 输入字符串的格式不正确。
System.FormatException: 输入字符串的格式不正确。
   在 System.Number.StringToNumber(String str, NumberStyles options, NumberBuffer& number, NumberFormatInfo info, Boolean parseDecimal)
   在 System.Number.ParseDecimal(String value, NumberStyles options, NumberFormatInfo numfmt)
   在 System.Decimal.Parse(String s)
   在 Business.ImportBusiness.ImportCatalogueFromExcel(String filePath) 位置 E:\outsource\TmalLBF\Business\ImportBusiness.cs:行号 150
{INFO}10/20 23:35:24 - 输入字符串的格式不正确。
System.FormatException: 输入字符串的格式不正确。
   在 System.Number.StringToNumber(String str, NumberStyles options, NumberBuffer& number, NumberFormatInfo info, Boolean parseDecimal)
   在 System.Number.ParseDecimal(String value, NumberStyles options, NumberFormatInfo numfmt)
   在 System.Decimal.Parse(String s)
   在 Business.ImportBusiness.ImportCatalogueFromExcel(String filePath) 位置 E:\outsource\TmalLBF\Business\ImportBusiness.cs:行号 150
{INFO}10/20 23:35:24 - 输入字符串的格式不正确。
System.FormatException: 输入字符串的格式不正确。
   在 System.Number.StringToNumber(String str, NumberStyles options, NumberBuffer& number, NumberFormatInfo info, Boolean parseDecimal)
   在 System.Number.ParseDecimal(String value, NumberStyles options, NumberFormatInfo numfmt)
   在 System.Decimal.Parse(String s)
   在 Business.ImportBusiness.ImportCatalogueFromExcel(String filePath) 位置 E:\outsource\TmalLBF\Business\ImportBusiness.cs:行号 150
{INFO}10/20 23:35:24 - 输入字符串的格式不正确。
System.FormatException: 输入字符串的格式不正确。
   在 System.Number.StringToNumber(String str, NumberStyles options, NumberBuffer& number, NumberFormatInfo info, Boolean parseDecimal)
   在 System.Number.ParseDecimal(String value, NumberStyles options, NumberFormatInfo numfmt)
   在 System.Decimal.Parse(String s)
   在 Business.ImportBusiness.ImportCatalogueFromExcel(String filePath) 位置 E:\outsource\TmalLBF\Business\ImportBusiness.cs:行号 150
{INFO}10/20 23:35:24 - 输入字符串的格式不正确。
System.FormatException: 输入字符串的格式不正确。
   在 System.Number.StringToNumber(String str, NumberStyles options, NumberBuffer& number, NumberFormatInfo info, Boolean parseDecimal)
   在 System.Number.ParseDecimal(String value, NumberStyles options, NumberFormatInfo numfmt)
   在 System.Decimal.Parse(String s)
   在 Business.ImportBusiness.ImportCatalogueFromExcel(String filePath) 位置 E:\outsource\TmalLBF\Business\ImportBusiness.cs:行号 150
{INFO}10/20 23:35:24 - 输入字符串的格式不正确。
System.FormatException: 输入字符串的格式不正确。
   在 System.Number.StringToNumber(String str, NumberStyles options, NumberBuffer& number, NumberFormatInfo info, Boolean parseDecimal)
   在 System.Number.ParseDecimal(String value, NumberStyles options, NumberFormatInfo numfmt)
   在 System.Decimal.Parse(String s)
   在 Business.ImportBusiness.ImportCatalogueFromExcel(String filePath) 位置 E:\outsource\TmalLBF\Business\ImportBusiness.cs:行号 150
{INFO}10/20 23:35:24 - 输入字符串的格式不正确。
System.FormatException: 输入字符串的格式不正确。
   在 System.Number.StringToNumber(String str, NumberStyles options, NumberBuffer& number, NumberFormatInfo info, Boolean parseDecimal)
   在 System.Number.ParseDecimal(String value, NumberStyles options, NumberFormatInfo numfmt)
   在 System.Decimal.Parse(String s)
   在 Business.ImportBusiness.ImportCatalogueFromExcel(String filePath) 位置 E:\outsource\TmalLBF\Business\ImportBusiness.cs:行号 150
{INFO}10/20 23:35:24 - 输入字符串的格式不正确。
System.FormatException: 输入字符串的格式不正确。
   在 System.Number.StringToNumber(String str, NumberStyles options, NumberBuffer& number, NumberFormatInfo info, Boolean parseDecimal)
   在 System.Number.ParseDecimal(String value, NumberStyles options, NumberFormatInfo numfmt)
   在 System.Decimal.Parse(String s)
   在 Business.ImportBusiness.ImportCatalogueFromExcel(String filePath) 位置 E:\outsource\TmalLBF\Business\ImportBusiness.cs:行号 150
{INFO}10/20 23:35:24 - 输入字符串的格式不正确。
System.FormatException: 输入字符串的格式不正确。
   在 System.Number.StringToNumber(String str, NumberStyles options, NumberBuffer& number, NumberFormatInfo info, Boolean parseDecimal)
   在 System.Number.ParseDecimal(String value, NumberStyles options, NumberFormatInfo numfmt)
   在 System.Decimal.Parse(String s)
   在 Business.ImportBusiness.ImportCatalogueFromExcel(String filePath) 位置 E:\outsource\TmalLBF\Business\ImportBusiness.cs:行号 150
{INFO}10/20 23:35:24 - 输入字符串的格式不正确。
System.FormatException: 输入字符串的格式不正确。
   在 System.Number.StringToNumber(String str, NumberStyles options, NumberBuffer& number, NumberFormatInfo info, Boolean parseDecimal)
   在 System.Number.ParseDecimal(String value, NumberStyles options, NumberFormatInfo numfmt)
   在 System.Decimal.Parse(String s)
   在 Business.ImportBusiness.ImportCatalogueFromExcel(String filePath) 位置 E:\outsource\TmalLBF\Business\ImportBusiness.cs:行号 150
{INFO}10/20 23:35:24 - 输入字符串的格式不正确。
System.FormatException: 输入字符串的格式不正确。
   在 System.Number.StringToNumber(String str, NumberStyles options, NumberBuffer& number, NumberFormatInfo info, Boolean parseDecimal)
   在 System.Number.ParseDecimal(String value, NumberStyles options, NumberFormatInfo numfmt)
   在 System.Decimal.Parse(String s)
   在 Business.ImportBusiness.ImportCatalogueFromExcel(String filePath) 位置 E:\outsource\TmalLBF\Business\ImportBusiness.cs:行号 150
{INFO}10/20 23:35:24 - 输入字符串的格式不正确。
System.FormatException: 输入字符串的格式不正确。
   在 System.Number.StringToNumber(String str, NumberStyles options, NumberBuffer& number, NumberFormatInfo info, Boolean parseDecimal)
   在 System.Number.ParseDecimal(String value, NumberStyles options, NumberFormatInfo numfmt)
   在 System.Decimal.Parse(String s)
   在 Business.ImportBusiness.ImportCatalogueFromExcel(String filePath) 位置 E:\outsource\TmalLBF\Business\ImportBusiness.cs:行号 150
{INFO}10/20 23:35:24 - 输入字符串的格式不正确。
System.FormatException: 输入字符串的格式不正确。
   在 System.Number.StringToNumber(String str, NumberStyles options, NumberBuffer& number, NumberFormatInfo info, Boolean parseDecimal)
   在 System.Number.ParseDecimal(String value, NumberStyles options, NumberFormatInfo numfmt)
   在 System.Decimal.Parse(String s)
   在 Business.ImportBusiness.ImportCatalogueFromExcel(String filePath) 位置 E:\outsource\TmalLBF\Business\ImportBusiness.cs:行号 150
{INFO}10/20 23:35:24 - 输入字符串的格式不正确。
System.FormatException: 输入字符串的格式不正确。
   在 System.Number.StringToNumber(String str, NumberStyles options, NumberBuffer& number, NumberFormatInfo info, Boolean parseDecimal)
   在 System.Number.ParseDecimal(String value, NumberStyles options, NumberFormatInfo numfmt)
   在 System.Decimal.Parse(String s)
   在 Business.ImportBusiness.ImportCatalogueFromExcel(String filePath) 位置 E:\outsource\TmalLBF\Business\ImportBusiness.cs:行号 150
{INFO}10/20 23:35:24 - 输入字符串的格式不正确。
System.FormatException: 输入字符串的格式不正确。
   在 System.Number.StringToNumber(String str, NumberStyles options, NumberBuffer& number, NumberFormatInfo info, Boolean parseDecimal)
   在 System.Number.ParseDecimal(String value, NumberStyles options, NumberFormatInfo numfmt)
   在 System.Decimal.Parse(String s)
   在 Business.ImportBusiness.ImportCatalogueFromExcel(String filePath) 位置 E:\outsource\TmalLBF\Business\ImportBusiness.cs:行号 150
{INFO}10/20 23:35:24 - 输入字符串的格式不正确。
System.FormatException: 输入字符串的格式不正确。
   在 System.Number.StringToNumber(String str, NumberStyles options, NumberBuffer& number, NumberFormatInfo info, Boolean parseDecimal)
   在 System.Number.ParseDecimal(String value, NumberStyles options, NumberFormatInfo numfmt)
   在 System.Decimal.Parse(String s)
   在 Business.ImportBusiness.ImportCatalogueFromExcel(String filePath) 位置 E:\outsource\TmalLBF\Business\ImportBusiness.cs:行号 150
{INFO}10/20 23:35:24 - 输入字符串的格式不正确。
System.FormatException: 输入字符串的格式不正确。
   在 System.Number.StringToNumber(String str, NumberStyles options, NumberBuffer& number, NumberFormatInfo info, Boolean parseDecimal)
   在 System.Number.ParseDecimal(String value, NumberStyles options, NumberFormatInfo numfmt)
   在 System.Decimal.Parse(String s)
   在 Business.ImportBusiness.ImportCatalogueFromExcel(String filePath) 位置 E:\outsource\TmalLBF\Business\ImportBusiness.cs:行号 150
{INFO}10/20 23:35:24 - 输入字符串的格式不正确。
System.FormatException: 输入字符串的格式不正确。
   在 System.Number.StringToNumber(String str, NumberStyles options, NumberBuffer& number, NumberFormatInfo info, Boolean parseDecimal)
   在 System.Number.ParseDecimal(String value, NumberStyles options, NumberFormatInfo numfmt)
   在 System.Decimal.Parse(String s)
   在 Business.ImportBusiness.ImportCatalogueFromExcel(String filePath) 位置 E:\outsource\TmalLBF\Business\ImportBusiness.cs:行号 150
{INFO}10/20 23:36:42 - 输入字符串的格式不正确。
System.FormatException: 输入字符串的格式不正确。
   在 System.Number.StringToNumber(String str, NumberStyles options, NumberBuffer& number, NumberFormatInfo info, Boolean parseDecimal)
   在 System.Number.ParseDecimal(String value, NumberStyles options, NumberFormatInfo numfmt)
   在 System.Decimal.Parse(String s)
   在 Business.ImportBusiness.ImportCatalogueFromExcel(String filePath) 位置 E:\outsource\TmalLBF\Business\ImportBusiness.cs:行号 151
{INFO}10/20 23:36:42 - 输入字符串的格式不正确。
System.FormatException: 输入字符串的格式不正确。
   在 System.Number.StringToNumber(String str, NumberStyles options, NumberBuffer& number, NumberFormatInfo info, Boolean parseDecimal)
   在 System.Number.ParseDecimal(String value, NumberStyles options, NumberFormatInfo numfmt)
   在 System.Decimal.Parse(String s)
   在 Business.ImportBusiness.ImportCatalogueFromExcel(String filePath) 位置 E:\outsource\TmalLBF\Business\ImportBusiness.cs:行号 133
{INFO}10/20 23:36:42 - 输入字符串的格式不正确。
System.FormatException: 输入字符串的格式不正确。
   在 System.Number.StringToNumber(String str, NumberStyles options, NumberBuffer& number, NumberFormatInfo info, Boolean parseDecimal)
   在 System.Number.ParseDecimal(String value, NumberStyles options, NumberFormatInfo numfmt)
   在 System.Decimal.Parse(String s)
   在 Business.ImportBusiness.ImportCatalogueFromExcel(String filePath) 位置 E:\outsource\TmalLBF\Business\ImportBusiness.cs:行号 150
{INFO}10/20 23:36:42 - 输入字符串的格式不正确。
System.FormatException: 输入字符串的格式不正确。
   在 System.Number.StringToNumber(String str, NumberStyles options, NumberBuffer& number, NumberFormatInfo info, Boolean parseDecimal)
   在 System.Number.ParseDecimal(String value, NumberStyles options, NumberFormatInfo numfmt)
   在 System.Decimal.Parse(String s)
   在 Business.ImportBusiness.ImportCatalogueFromExcel(String filePath) 位置 E:\outsource\TmalLBF\Business\ImportBusiness.cs:行号 150
{INFO}10/20 23:36:42 - 输入字符串的格式不正确。
System.FormatException: 输入字符串的格式不正确。
   在 System.Number.StringToNumber(String str, NumberStyles options, NumberBuffer& number, NumberFormatInfo info, Boolean parseDecimal)
   在 System.Number.ParseDecimal(String value, NumberStyles options, NumberFormatInfo numfmt)
   在 System.Decimal.Parse(String s)
   在 Business.ImportBusiness.ImportCatalogueFromExcel(String filePath) 位置 E:\outsource\TmalLBF\Business\ImportBusiness.cs:行号 150
{INFO}10/20 23:36:42 - 输入字符串的格式不正确。
System.FormatException: 输入字符串的格式不正确。
   在 System.Number.StringToNumber(String str, NumberStyles options, NumberBuffer& number, NumberFormatInfo info, Boolean parseDecimal)
   在 System.Number.ParseDecimal(String value, NumberStyles options, NumberFormatInfo numfmt)
   在 System.Decimal.Parse(String s)
   在 Business.ImportBusiness.ImportCatalogueFromExcel(String filePath) 位置 E:\outsource\TmalLBF\Business\ImportBusiness.cs:行号 150
{INFO}10/20 23:36:42 - 输入字符串的格式不正确。
System.FormatException: 输入字符串的格式不正确。
   在 System.Number.StringToNumber(String str, NumberStyles options, NumberBuffer& number, NumberFormatInfo info, Boolean parseDecimal)
   在 System.Number.ParseDecimal(String value, NumberStyles options, NumberFormatInfo numfmt)
   在 System.Decimal.Parse(String s)
   在 Business.ImportBusiness.ImportCatalogueFromExcel(String filePath) 位置 E:\outsource\TmalLBF\Business\ImportBusiness.cs:行号 150
{INFO}10/20 23:36:42 - 输入字符串的格式不正确。
System.FormatException: 输入字符串的格式不正确。
   在 System.Number.StringToNumber(String str, NumberStyles options, NumberBuffer& number, NumberFormatInfo info, Boolean parseDecimal)
   在 System.Number.ParseDecimal(String value, NumberStyles options, NumberFormatInfo numfmt)
   在 System.Decimal.Parse(String s)
   在 Business.ImportBusiness.ImportCatalogueFromExcel(String filePath) 位置 E:\outsource\TmalLBF\Business\ImportBusiness.cs:行号 150
{INFO}10/20 23:36:42 - 输入字符串的格式不正确。
System.FormatException: 输入字符串的格式不正确。
   在 System.Number.StringToNumber(String str, NumberStyles options, NumberBuffer& number, NumberFormatInfo info, Boolean parseDecimal)
   在 System.Number.ParseDecimal(String value, NumberStyles options, NumberFormatInfo numfmt)
   在 System.Decimal.Parse(String s)
   在 Business.ImportBusiness.ImportCatalogueFromExcel(String filePath) 位置 E:\outsource\TmalLBF\Business\ImportBusiness.cs:行号 150
{INFO}10/20 23:36:42 - 输入字符串的格式不正确。
System.FormatException: 输入字符串的格式不正确。
   在 System.Number.StringToNumber(String str, NumberStyles options, NumberBuffer& number, NumberFormatInfo info, Boolean parseDecimal)
   在 System.Number.ParseDecimal(String value, NumberStyles options, NumberFormatInfo numfmt)
   在 System.Decimal.Parse(String s)
   在 Business.ImportBusiness.ImportCatalogueFromExcel(String filePath) 位置 E:\outsource\TmalLBF\Business\ImportBusiness.cs:行号 150
{INFO}10/20 23:36:42 - 输入字符串的格式不正确。
System.FormatException: 输入字符串的格式不正确。
   在 System.Number.StringToNumber(String str, NumberStyles options, NumberBuffer& number, NumberFormatInfo info, Boolean parseDecimal)
   在 System.Number.ParseDecimal(String value, NumberStyles options, NumberFormatInfo numfmt)
   在 System.Decimal.Parse(String s)
   在 Business.ImportBusiness.ImportCatalogueFromExcel(String filePath) 位置 E:\outsource\TmalLBF\Business\ImportBusiness.cs:行号 150
{INFO}10/20 23:36:42 - 输入字符串的格式不正确。
System.FormatException: 输入字符串的格式不正确。
   在 System.Number.StringToNumber(String str, NumberStyles options, NumberBuffer& number, NumberFormatInfo info, Boolean parseDecimal)
   在 System.Number.ParseDecimal(String value, NumberStyles options, NumberFormatInfo numfmt)
   在 System.Decimal.Parse(String s)
   在 Business.ImportBusiness.ImportCatalogueFromExcel(String filePath) 位置 E:\outsource\TmalLBF\Business\ImportBusiness.cs:行号 150
{INFO}10/20 23:36:42 - 输入字符串的格式不正确。
System.FormatException: 输入字符串的格式不正确。
   在 System.Number.StringToNumber(String str, NumberStyles options, NumberBuffer& number, NumberFormatInfo info, Boolean parseDecimal)
   在 System.Number.ParseDecimal(String value, NumberStyles options, NumberFormatInfo numfmt)
   在 System.Decimal.Parse(String s)
   在 Business.ImportBusiness.ImportCatalogueFromExcel(String filePath) 位置 E:\outsource\TmalLBF\Business\ImportBusiness.cs:行号 150
{INFO}10/20 23:36:42 - 输入字符串的格式不正确。
System.FormatException: 输入字符串的格式不正确。
   在 System.Number.StringToNumber(String str, NumberStyles options, NumberBuffer& number, NumberFormatInfo info, Boolean parseDecimal)
   在 System.Number.ParseDecimal(String value, NumberStyles options, NumberFormatInfo numfmt)
   在 System.Decimal.Parse(String s)
   在 Business.ImportBusiness.ImportCatalogueFromExcel(String filePath) 位置 E:\outsource\TmalLBF\Business\ImportBusiness.cs:行号 150
{INFO}10/20 23:36:42 - 输入字符串的格式不正确。
System.FormatException: 输入字符串的格式不正确。
   在 System.Number.StringToNumber(String str, NumberStyles options, NumberBuffer& number, NumberFormatInfo info, Boolean parseDecimal)
   在 System.Number.ParseDecimal(String value, NumberStyles options, NumberFormatInfo numfmt)
   在 System.Decimal.Parse(String s)
   在 Business.ImportBusiness.ImportCatalogueFromExcel(String filePath) 位置 E:\outsource\TmalLBF\Business\ImportBusiness.cs:行号 150
{INFO}10/20 23:36:42 - 输入字符串的格式不正确。
System.FormatException: 输入字符串的格式不正确。
   在 System.Number.StringToNumber(String str, NumberStyles options, NumberBuffer& number, NumberFormatInfo info, Boolean parseDecimal)
   在 System.Number.ParseDecimal(String value, NumberStyles options, NumberFormatInfo numfmt)
   在 System.Decimal.Parse(String s)
   在 Business.ImportBusiness.ImportCatalogueFromExcel(String filePath) 位置 E:\outsource\TmalLBF\Business\ImportBusiness.cs:行号 150
{INFO}10/20 23:36:42 - 输入字符串的格式不正确。
System.FormatException: 输入字符串的格式不正确。
   在 System.Number.StringToNumber(String str, NumberStyles options, NumberBuffer& number, NumberFormatInfo info, Boolean parseDecimal)
   在 System.Number.ParseDecimal(String value, NumberStyles options, NumberFormatInfo numfmt)
   在 System.Decimal.Parse(String s)
   在 Business.ImportBusiness.ImportCatalogueFromExcel(String filePath) 位置 E:\outsource\TmalLBF\Business\ImportBusiness.cs:行号 150
{INFO}10/20 23:36:42 - 输入字符串的格式不正确。
System.FormatException: 输入字符串的格式不正确。
   在 System.Number.StringToNumber(String str, NumberStyles options, NumberBuffer& number, NumberFormatInfo info, Boolean parseDecimal)
   在 System.Number.ParseDecimal(String value, NumberStyles options, NumberFormatInfo numfmt)
   在 System.Decimal.Parse(String s)
   在 Business.ImportBusiness.ImportCatalogueFromExcel(String filePath) 位置 E:\outsource\TmalLBF\Business\ImportBusiness.cs:行号 150
{INFO}10/20 23:36:42 - 输入字符串的格式不正确。
System.FormatException: 输入字符串的格式不正确。
   在 System.Number.StringToNumber(String str, NumberStyles options, NumberBuffer& number, NumberFormatInfo info, Boolean parseDecimal)
   在 System.Number.ParseDecimal(String value, NumberStyles options, NumberFormatInfo numfmt)
   在 System.Decimal.Parse(String s)
   在 Business.ImportBusiness.ImportCatalogueFromExcel(String filePath) 位置 E:\outsource\TmalLBF\Business\ImportBusiness.cs:行号 150
{INFO}10/20 23:36:42 - 输入字符串的格式不正确。
System.FormatException: 输入字符串的格式不正确。
   在 System.Number.StringToNumber(String str, NumberStyles options, NumberBuffer& number, NumberFormatInfo info, Boolean parseDecimal)
   在 System.Number.ParseDecimal(String value, NumberStyles options, NumberFormatInfo numfmt)
   在 System.Decimal.Parse(String s)
   在 Business.ImportBusiness.ImportCatalogueFromExcel(String filePath) 位置 E:\outsource\TmalLBF\Business\ImportBusiness.cs:行号 150
{INFO}10/20 23:36:42 - 输入字符串的格式不正确。
System.FormatException: 输入字符串的格式不正确。
   在 System.Number.StringToNumber(String str, NumberStyles options, NumberBuffer& number, NumberFormatInfo info, Boolean parseDecimal)
   在 System.Number.ParseDecimal(String value, NumberStyles options, NumberFormatInfo numfmt)
   在 System.Decimal.Parse(String s)
   在 Business.ImportBusiness.ImportCatalogueFromExcel(String filePath) 位置 E:\outsource\TmalLBF\Business\ImportBusiness.cs:行号 150
